<?xml version="1.0" encoding="UTF-8"?>
<testsuite name="Scenario: cucumber setup" time="0" tests="15" errors="0" skipped="11" failures="0">
  <properties>
[...]
</properties>
  <testcase name="Scenario: Login with correct username and password" classname="Scenario: Login with correct username and password" time="0">
    <skipped/>
  </testcase>
  <testcase name="Scenario: Login with correct username and password" classname="Scenario: Login with correct username and password" time="0.002"/>
  <testcase name="When User clicks on Overview page link in navigation menu" classname="Scenario: Overview page loads and shows correct title" time="0">
    <skipped/>
    <system-out><![CDATA[
  Scenario: Login with correct username and password &amp#27;[90m# Login.feature:4&amp#27;[0m
    &amp#27;[33mGiven &amp#27;[0m&amp#27;[33mUser navigates to the login page&amp#27;[0m
    &amp#27;[33mAnd &amp#27;[0m&amp#27;[33mUser enters valid username and password&amp#27;[0m
    &amp#27;[33mAnd &amp#27;[0m&amp#27;[33mUser click slogin button&amp#27;[0m
    &amp#27;[33mThen &amp#27;[0m&amp#27;[33mlogin should be successfull&amp#27;[0m
@selenium
Feature: To test Overview page
  This test checks overview page under CHPl resources and verifies that it displays
]]></system-out>
  </testcase>
  <testcase name="Then Overview page loads successfully and verify title" classname="Scenario: Overview page loads and shows correct title" time="0">
    <skipped/>
  </testcase>
  <testcase name="Scenario: Overview page loads and shows correct title" classname="Scenario: Overview page loads and shows correct title" time="0">
    <skipped/>
  </testcase>
  <testcase name="Scenario: Overview page loads and shows correct title" classname="Scenario: Overview page loads and shows correct title" time="0"/>
  <testcase name="When User looks at ONC-ACB and ONC-ATL information table" classname="Scenario: Verify ONC-ACB and ONC-ATL information loads from database" time="0">
    <skipped/>
    <system-out><![CDATA[
  Scenario: Overview page loads and shows correct title       &amp#27;[90m# overviewTest.feature:5&amp#27;[0m
    &amp#27;[33mWhen &amp#27;[0m&amp#27;[33mUser clicks on Overview page link in navigation menu&amp#27;[0m
    &amp#27;[33mThen &amp#27;[0m&amp#27;[33mOverview page loads successfully and verify title&amp#27;[0m
]]></system-out>
  </testcase>
  <testcase name="Then the table shows data from databse" classname="Scenario: Verify ONC-ACB and ONC-ATL information loads from database" time="0">
    <skipped/>
  </testcase>
  <testcase name="Scenario: Verify ONC-ACB and ONC-ATL information loads from database" classname="Scenario: Verify ONC-ACB and ONC-ATL information loads from database" time="0">
    <skipped/>
  </testcase>
  <testcase name="Scenario: Verify ONC-ACB and ONC-ATL information loads from database" classname="Scenario: Verify ONC-ACB and ONC-ATL information loads from database" time="0.069"/>
  <testcase name="Given sample feature file is ready" classname="Scenario: cucumber setup" time="0">
    <skipped/>
    <system-out><![CDATA[
  Scenario: Verify ONC-ACB and ONC-ATL information loads from database &amp#27;[90m# overviewTest.feature:10&amp#27;[0m
    &amp#27;[33mWhen &amp#27;[0m&amp#27;[33mUser looks at ONC-ACB and ONC-ATL information table&amp#27;[0m
    &amp#27;[33mThen &amp#27;[0m&amp#27;[33mthe table shows data from databse&amp#27;[0m
@smokeTest
Feature: To test my cucumber test is running
  I want to run a sample feature file.
]]></system-out>
  </testcase>
  <testcase name="When I run the feature file" classname="Scenario: cucumber setup" time="0">
    <skipped/>
  </testcase>
  <testcase name="Then run should be successful" classname="Scenario: cucumber setup" time="0">
    <skipped/>
  </testcase>
  <testcase name="Scenario: cucumber setup" classname="Scenario: cucumber setup" time="0">
    <skipped/>
  </testcase>
  <testcase name="Scenario: cucumber setup" classname="Scenario: cucumber setup" time="0"/>
</testsuite>