<?xml version="1.0" encoding="UTF-8"?>
<testng-results skipped="0" failed="0" total="1" passed="1">
  <reporter-output>
    <line>
      <![CDATA[<div "featureFile">Feature File: Login.feature</div>]]>
    </line>
    <line>
      <![CDATA[<div "feature">Feature: LoginFeature</div>]]>
    </line>
    <line>
      <![CDATA[<div "scenario">Scenario: Login with correct username and password</div>]]>
    </line>
    <line>
      <![CDATA[<div "result">Given  User navigates to the login page (undefined)</div>]]>
    </line>
    <line>
      <![CDATA[<div "result">And  User enters valid username and password (undefined)</div>]]>
    </line>
    <line>
      <![CDATA[<div "result">And  User click slogin button (undefined)</div>]]>
    </line>
    <line>
      <![CDATA[<div "result">Then  login should be successfull (undefined)</div>]]>
    </line>
    <line>
      <![CDATA[<div "featureFile">Feature File: overviewTest.feature</div>]]>
    </line>
    <line>
      <![CDATA[<div "feature">Feature: To test Overview page</div>]]>
    </line>
    <line>
      <![CDATA[<div "scenario">Scenario: Overview page loads and shows correct title</div>]]>
    </line>
    <line>
      <![CDATA[<div "result">When  User clicks on Overview page link in navigation menu (undefined)</div>]]>
    </line>
    <line>
      <![CDATA[<div "result">Then  Overview page loads successfully and verify title (undefined)</div>]]>
    </line>
    <line>
      <![CDATA[<div "scenario">Scenario: Verify ONC-ACB and ONC-ATL information loads from database</div>]]>
    </line>
    <line>
      <![CDATA[<div "result">When  User looks at ONC-ACB and ONC-ATL information table (undefined)</div>]]>
    </line>
    <line>
      <![CDATA[<div "result">Then  the table shows data from databse (undefined)</div>]]>
    </line>
    <line>
      <![CDATA[<div "featureFile">Feature File: sampletest.feature</div>]]>
    </line>
    <line>
      <![CDATA[<div "feature">Feature: To test my cucumber test is running</div>]]>
    </line>
    <line>
      <![CDATA[<div "scenario">Scenario: cucumber setup</div>]]>
    </line>
    <line>
      <![CDATA[<div "result">Given  sample feature file is ready (undefined)</div>]]>
    </line>
    <line>
      <![CDATA[<div "result">When  I run the feature file (undefined)</div>]]>
    </line>
    <line>
      <![CDATA[<div "result">Then  run should be successful (undefined)</div>]]>
    </line>
  </reporter-output>
  <suite name="Default suite" duration-ms="568" started-at="2017-09-17T22:17:43Z" finished-at="2017-09-17T22:17:43Z">
    <groups>
      <group name="cucumber">
        <method signature="AbstractTestNGCucumberTests.run_cukes()[pri:0, instance:stepDefinitions.runnerTest@35d176f7]" name="run_cukes" class="cucumber.api.testng.AbstractTestNGCucumberTests"/>
      </group> <!-- cucumber -->
    </groups>
    <test name="Default test" duration-ms="568" started-at="2017-09-17T22:17:43Z" finished-at="2017-09-17T22:17:43Z">
      <class name="stepDefinitions.runnerTest">
        <test-method status="PASS" signature="run_cukes()[pri:0, instance:stepDefinitions.runnerTest@35d176f7]" name="run_cukes" duration-ms="550" started-at="2017-09-17T18:17:43Z" description="Runs Cucumber Features" finished-at="2017-09-17T18:17:43Z">
          <reporter-output>
            <line>
              <![CDATA[<div "featureFile">Feature File: Login.feature</div>]]>
            </line>
            <line>
              <![CDATA[<div "feature">Feature: LoginFeature</div>]]>
            </line>
            <line>
              <![CDATA[<div "scenario">Scenario: Login with correct username and password</div>]]>
            </line>
            <line>
              <![CDATA[<div "result">Given  User navigates to the login page (undefined)</div>]]>
            </line>
            <line>
              <![CDATA[<div "result">And  User enters valid username and password (undefined)</div>]]>
            </line>
            <line>
              <![CDATA[<div "result">And  User click slogin button (undefined)</div>]]>
            </line>
            <line>
              <![CDATA[<div "result">Then  login should be successfull (undefined)</div>]]>
            </line>
            <line>
              <![CDATA[<div "featureFile">Feature File: overviewTest.feature</div>]]>
            </line>
            <line>
              <![CDATA[<div "feature">Feature: To test Overview page</div>]]>
            </line>
            <line>
              <![CDATA[<div "scenario">Scenario: Overview page loads and shows correct title</div>]]>
            </line>
            <line>
              <![CDATA[<div "result">When  User clicks on Overview page link in navigation menu (undefined)</div>]]>
            </line>
            <line>
              <![CDATA[<div "result">Then  Overview page loads successfully and verify title (undefined)</div>]]>
            </line>
            <line>
              <![CDATA[<div "scenario">Scenario: Verify ONC-ACB and ONC-ATL information loads from database</div>]]>
            </line>
            <line>
              <![CDATA[<div "result">When  User looks at ONC-ACB and ONC-ATL information table (undefined)</div>]]>
            </line>
            <line>
              <![CDATA[<div "result">Then  the table shows data from databse (undefined)</div>]]>
            </line>
            <line>
              <![CDATA[<div "featureFile">Feature File: sampletest.feature</div>]]>
            </line>
            <line>
              <![CDATA[<div "feature">Feature: To test my cucumber test is running</div>]]>
            </line>
            <line>
              <![CDATA[<div "scenario">Scenario: cucumber setup</div>]]>
            </line>
            <line>
              <![CDATA[<div "result">Given  sample feature file is ready (undefined)</div>]]>
            </line>
            <line>
              <![CDATA[<div "result">When  I run the feature file (undefined)</div>]]>
            </line>
            <line>
              <![CDATA[<div "result">Then  run should be successful (undefined)</div>]]>
            </line>
          </reporter-output>
        </test-method> <!-- run_cukes -->
      </class> <!-- stepDefinitions.runnerTest -->
    </test> <!-- Default test -->
  </suite> <!-- Default suite -->
</testng-results>
